<?xml version="1.0" encoding="UTF-8"?>
<testsuite xmlns:xsi="http://www.w3.org/2001/XMLSchema-instance" xsi:noNamespaceSchemaLocation="https://maven.apache.org/surefire/maven-surefire-plugin/xsd/surefire-test-report-3.0.xsd" version="3.0" name="com.search.mcp.mcpserver.McpServerApplicationTests" time="2.183" tests="1" errors="0" skipped="0" failures="0">
  <properties>
[...]
</properties>
  <testcase name="contextLoads" classname="com.search.mcp.mcpserver.McpServerApplicationTests" time="0.619">
    <system-out><![CDATA[22:08:24.386 [main] INFO org.springframework.test.context.support.AnnotationConfigContextLoaderUtils -- Could not detect default configuration classes for test class [com.search.mcp.mcpserver.McpServerApplicationTests]: McpServerApplicationTests does not declare any static, non-private, non-final, nested classes annotated with @Configuration.
22:08:24.471 [main] INFO org.springframework.boot.test.context.SpringBootTestContextBootstrapper -- Found @SpringBootConfiguration com.search.mcp.mcpserver.McpServerApplication for test class com.search.mcp.mcpserver.McpServerApplicationTests
2026-03-09T22:08:24.913+08:00  INFO 36128 --- [mcp-server] [           main] c.s.m.m.McpServerApplicationTests        : Starting McpServerApplicationTests using Java 21 with PID 36128 (started by ASUS in D:\github\mcp-OmniSearch-server)
2026-03-09T22:08:24.916+08:00  INFO 36128 --- [mcp-server] [           main] c.s.m.m.McpServerApplicationTests        : No active profile set, falling back to 1 default profile: "default"
2026-03-09T22:08:25.657+08:00  INFO 36128 --- [mcp-server] [           main] o.s.a.a.m.s.MpcServerAutoConfiguration   : Registered tools3 notification: true
2026-03-09T22:08:25.801+08:00  INFO 36128 --- [mcp-server] [           main] c.s.m.m.McpServerApplicationTests        : Started McpServerApplicationTests in 1.194 seconds (process running for 1.992)
]]></system-out>
    <system-err><![CDATA[WARNING: A Java agent has been loaded dynamically (D:\Program Files\apache-maven-3.9.9\mvn_repo\net\bytebuddy\byte-buddy-agent\1.14.13\byte-buddy-agent-1.14.13.jar)
WARNING: If a serviceability tool is in use, please run with -XX:+EnableDynamicAgentLoading to hide this warning
WARNING: If a serviceability tool is not in use, please run with -Djdk.instrument.traceUsage for more information
WARNING: Dynamic loading of agents will be disallowed by default in a future release
]]></system-err>
  </testcase>
</testsuite>